<?xml version="1.0" encoding="UTF-8"?>
<!-- Generated by org.testng.reporters.JUnitXMLReporter -->
<testsuite ignored="0" hostname="DESKTOP-9CC8H0S" failures="4" tests="9" name="Command line test" time="6.421" errors="0" timestamp="04 Jun 2023 22:12:02 GMT">
  <testcase classname="com.rest.qa.getAPI.GetAPITest" name="getAPICircuitTest_1" time="2.523"/>
  <testcase classname="com.rest.qa.getAPI.GetAPITest" name="getAPICircuitTest_2" time="0.441"/>
  <testcase classname="com.rest.qa.getAPI.GetAPITest" name="getAPICircuitTest_3" time="0.393"/>
  <testcase classname="com.rest.qa.getAPI.GetAPITest" name="noofcircuitsyeartest" time="0.818">
    <failure type="java.lang.AssertionError" message="expected [20] but found [null]">
      <![CDATA[java.lang.AssertionError: expected [20] but found [null]
at com.rest.qa.getAPI.GetAPITest.noofcircuitsyeartest(GetAPITest.java:121)
... Removed 40 stack frames]]>
    </failure>
  </testcase> <!-- noofcircuitsyeartest -->
  <testcase classname="com.rest.qa.getAPI.GetAPITest" name="noofcircuitsyeartest" time="0.446">
    <failure type="java.lang.AssertionError" message="expected [21] but found [null]">
      <![CDATA[java.lang.AssertionError: expected [21] but found [null]
at com.rest.qa.getAPI.GetAPITest.noofcircuitsyeartest(GetAPITest.java:121)
... Removed 40 stack frames]]>
    </failure>
  </testcase> <!-- noofcircuitsyeartest -->
  <testcase classname="com.rest.qa.getAPI.GetAPITest" name="noofcircuitsyeartest" time="0.423">
    <failure type="java.lang.AssertionError" message="expected [9] but found [null]">
      <![CDATA[java.lang.AssertionError: expected [9] but found [null]
at com.rest.qa.getAPI.GetAPITest.noofcircuitsyeartest(GetAPITest.java:121)
... Removed 40 stack frames]]>
    </failure>
  </testcase> <!-- noofcircuitsyeartest -->
  <testcase classname="com.rest.qa.postAPI.PostAPIBDDTest" name="tokenPostAPITest_01" time="0.727"/>
  <testcase classname="com.rest.qa.postAPI.PostAPIBDDTest" name="tokenPostAPITest_File_02" time="0.325"/>
  <testcase classname="com.rest.qa.schema.CheckSchemaTest" name="bookingSchemaTest" time="0.293">
    <failure type="java.lang.IllegalArgumentException" message="Schema to use cannot be null">
      <![CDATA[java.lang.IllegalArgumentException: Schema to use cannot be null
at io.restassured.module.jsv.JsonSchemaValidator.validateSchemaIsNotNull(JsonSchemaValidator.java:270)
at io.restassured.module.jsv.JsonSchemaValidator.access$300(JsonSchemaValidator.java:75)
at io.restassured.module.jsv.JsonSchemaValidator$JsonSchemaValidatorFactory.create(JsonSchemaValidator.java:281)
at io.restassured.module.jsv.JsonSchemaValidator.matchesJsonSchema(JsonSchemaValidator.java:166)
at io.restassured.module.jsv.JsonSchemaValidator.matchesJsonSchemaInClasspath(JsonSchemaValidator.java:117)
at com.rest.qa.schema.CheckSchemaTest.bookingSchemaTest(CheckSchemaTest.java:43)
... Removed 35 stack frames]]>
    </failure>
  </testcase> <!-- bookingSchemaTest -->
</testsuite> <!-- Command line test -->
