<?xml version="1.0" encoding="UTF-8" ?>
<testsuite tests="9" failures="4" name="TestSuite" time="6.395" errors="0" skipped="0">
  <properties>
[...]
</properties>
  <testcase classname="com.rest.qa.getAPI.GetAPITest" name="getAPICircuitTest_1" time="2.525"/>
  <testcase classname="com.rest.qa.getAPI.GetAPITest" name="getAPICircuitTest_2" time="0.439"/>
  <testcase classname="com.rest.qa.getAPI.GetAPITest" name="getAPICircuitTest_3" time="0.393"/>
  <testcase classname="com.rest.qa.getAPI.GetAPITest" name="noofcircuitsyeartest" time="0.823">
    <failure message="expected [20] but found [null]" type="java.lang.AssertionError">java.lang.AssertionError: expected [20] but found [null]
	at org.testng.Assert.fail(Assert.java:96)
	at org.testng.Assert.failNotEquals(Assert.java:776)
	at org.testng.Assert.assertEqualsImpl(Assert.java:132)
	at org.testng.Assert.assertEquals(Assert.java:118)
	at org.testng.Assert.assertEquals(Assert.java:442)
	at com.rest.qa.getAPI.GetAPITest.noofcircuitsyeartest(GetAPITest.java:121)
</failure>
    <system-out>Request method:	GET
Request URI:	http://ergast.com/api/f1/2017/circuits.json
Proxy:			&lt;none&gt;
Request params:	&lt;none&gt;
Query params:	&lt;none&gt;
Form params:	&lt;none&gt;
Path params:	year=2017
Headers:		Accept=*/*
Cookies:		&lt;none&gt;
Multiparts:		&lt;none&gt;
Body:			&lt;none&gt;
Request method:	GET
Request URI:	http://ergast.com/api/f1/2017/circuits.json
Proxy:			&lt;none&gt;
Request params:	&lt;none&gt;
Query params:	&lt;none&gt;
Form params:	&lt;none&gt;
Path params:	year=2017
Headers:		Accept=*/*
Cookies:		&lt;none&gt;
Multiparts:		&lt;none&gt;
Body:			&lt;none&gt;
null
</system-out>
  </testcase>
  <testcase classname="com.rest.qa.getAPI.GetAPITest" name="noofcircuitsyeartest" time="0.445">
    <failure message="expected [21] but found [null]" type="java.lang.AssertionError">java.lang.AssertionError: expected [21] but found [null]
	at org.testng.Assert.fail(Assert.java:96)
	at org.testng.Assert.failNotEquals(Assert.java:776)
	at org.testng.Assert.assertEqualsImpl(Assert.java:132)
	at org.testng.Assert.assertEquals(Assert.java:118)
	at org.testng.Assert.assertEquals(Assert.java:442)
	at com.rest.qa.getAPI.GetAPITest.noofcircuitsyeartest(GetAPITest.java:121)
</failure>
    <system-out>Request method:	GET
Request URI:	http://ergast.com/api/f1/2016/circuits.json
Proxy:			&lt;none&gt;
Request params:	&lt;none&gt;
Query params:	&lt;none&gt;
Form params:	&lt;none&gt;
Path params:	year=2016
Headers:		Accept=*/*
Cookies:		&lt;none&gt;
Multiparts:		&lt;none&gt;
Body:			&lt;none&gt;
Request method:	GET
Request URI:	http://ergast.com/api/f1/2016/circuits.json
Proxy:			&lt;none&gt;
Request params:	&lt;none&gt;
Query params:	&lt;none&gt;
Form params:	&lt;none&gt;
Path params:	year=2016
Headers:		Accept=*/*
Cookies:		&lt;none&gt;
Multiparts:		&lt;none&gt;
Body:			&lt;none&gt;
null
</system-out>
  </testcase>
  <testcase classname="com.rest.qa.getAPI.GetAPITest" name="noofcircuitsyeartest" time="0.423">
    <failure message="expected [9] but found [null]" type="java.lang.AssertionError">java.lang.AssertionError: expected [9] but found [null]
	at org.testng.Assert.fail(Assert.java:96)
	at org.testng.Assert.failNotEquals(Assert.java:776)
	at org.testng.Assert.assertEqualsImpl(Assert.java:132)
	at org.testng.Assert.assertEquals(Assert.java:118)
	at org.testng.Assert.assertEquals(Assert.java:442)
	at com.rest.qa.getAPI.GetAPITest.noofcircuitsyeartest(GetAPITest.java:121)
</failure>
    <system-out>Request method:	GET
Request URI:	http://ergast.com/api/f1/1966/circuits.json
Proxy:			&lt;none&gt;
Request params:	&lt;none&gt;
Query params:	&lt;none&gt;
Form params:	&lt;none&gt;
Path params:	year=1966
Headers:		Accept=*/*
Cookies:		&lt;none&gt;
Multiparts:		&lt;none&gt;
Body:			&lt;none&gt;
Request method:	GET
Request URI:	http://ergast.com/api/f1/1966/circuits.json
Proxy:			&lt;none&gt;
Request params:	&lt;none&gt;
Query params:	&lt;none&gt;
Form params:	&lt;none&gt;
Path params:	year=1966
Headers:		Accept=*/*
Cookies:		&lt;none&gt;
Multiparts:		&lt;none&gt;
Body:			&lt;none&gt;
null
</system-out>
  </testcase>
  <testcase classname="com.rest.qa.postAPI.PostAPIBDDTest" name="tokenPostAPITest_01" time="0.727"/>
  <testcase classname="com.rest.qa.postAPI.PostAPIBDDTest" name="tokenPostAPITest_File_02" time="0.326"/>
  <testcase classname="com.rest.qa.schema.CheckSchemaTest" name="bookingSchemaTest" time="0.294">
    <failure message="Schema to use cannot be null" type="java.lang.IllegalArgumentException">java.lang.IllegalArgumentException: Schema to use cannot be null
	at io.restassured.module.jsv.JsonSchemaValidator.validateSchemaIsNotNull(JsonSchemaValidator.java:270)
	at io.restassured.module.jsv.JsonSchemaValidator.access$300(JsonSchemaValidator.java:75)
	at io.restassured.module.jsv.JsonSchemaValidator$JsonSchemaValidatorFactory.create(JsonSchemaValidator.java:281)
	at io.restassured.module.jsv.JsonSchemaValidator.matchesJsonSchema(JsonSchemaValidator.java:166)
	at io.restassured.module.jsv.JsonSchemaValidator.matchesJsonSchemaInClasspath(JsonSchemaValidator.java:117)
	at com.rest.qa.schema.CheckSchemaTest.bookingSchemaTest(CheckSchemaTest.java:43)
</failure>
  </testcase>
</testsuite>