<?xml version="1.0" encoding="UTF-8"?>
<testng-results ignored="0" total="1" passed="1" failed="0" skipped="0">
  <reporter-output>
  </reporter-output>
  <suite started-at="2023-07-04T01:24:18Z" name="Default suite" finished-at="2023-07-04T01:24:21Z" duration-ms="3134">
    <groups>
    </groups>
    <test started-at="2023-07-04T01:24:18Z" name="Default test" finished-at="2023-07-04T01:24:21Z" duration-ms="3134">
      <class name="com.rest.qa.putAPI.PutAPIBDD_Test">
        <test-method signature="putAPIBDDTest()[pri:0, instance:com.rest.qa.putAPI.PutAPIBDD_Test@5c45d770]" started-at="2023-07-04T01:24:18Z" name="putAPIBDDTest" finished-at="2023-07-04T01:24:21Z" duration-ms="3115" status="PASS">
          <reporter-output>
          </reporter-output>
        </test-method> <!-- putAPIBDDTest -->
      </class> <!-- com.rest.qa.putAPI.PutAPIBDD_Test -->
    </test> <!-- Default test -->
  </suite> <!-- Default suite -->
</testng-results>
